0 info it worked if it ends with ok
1 verbose cli [ '/usr/bin/nodejs',
1 verbose cli   '/usr/bin/npm',
1 verbose cli   'run',
1 verbose cli   'webpack',
1 verbose cli   '--',
1 verbose cli   '--progress',
1 verbose cli   '--config',
1 verbose cli   'webpack.production.js' ]
2 info using npm@3.5.2
3 info using node@v4.2.6
4 verbose run-script [ 'prewebpack', 'webpack', 'postwebpack' ]
5 info lifecycle uwsolar@1.0.0~prewebpack: uwsolar@1.0.0
6 silly lifecycle uwsolar@1.0.0~prewebpack: no script for prewebpack, continuing
7 info lifecycle uwsolar@1.0.0~webpack: uwsolar@1.0.0
8 verbose lifecycle uwsolar@1.0.0~webpack: unsafe-perm in lifecycle true
9 verbose lifecycle uwsolar@1.0.0~webpack: PATH: /usr/share/npm/bin/node-gyp-bin:/home/abandoned_greyhound/Documents/Git/lotus-leaf/src/client/node_modules/.bin:/home/abandoned_greyhound/bin:/home/abandoned_greyhound/.local/bin:/usr/local/sbin:/usr/local/bin:/usr/sbin:/usr/bin:/sbin:/bin:/usr/games:/usr/local/games:/snap/bin
10 verbose lifecycle uwsolar@1.0.0~webpack: CWD: /home/abandoned_greyhound/Documents/Git/lotus-leaf/src/client
11 silly lifecycle uwsolar@1.0.0~webpack: Args: [ '-c',
11 silly lifecycle   'webpack "--progress" "--config" "webpack.production.js"' ]
12 silly lifecycle uwsolar@1.0.0~webpack: Returned: code: 1  signal: null
13 info lifecycle uwsolar@1.0.0~webpack: Failed to exec webpack script
14 verbose stack Error: uwsolar@1.0.0 webpack: `webpack "--progress" "--config" "webpack.production.js"`
14 verbose stack Exit status 1
14 verbose stack     at EventEmitter.<anonymous> (/usr/share/npm/lib/utils/lifecycle.js:232:16)
14 verbose stack     at emitTwo (events.js:87:13)
14 verbose stack     at EventEmitter.emit (events.js:172:7)
14 verbose stack     at ChildProcess.<anonymous> (/usr/share/npm/lib/utils/spawn.js:24:14)
14 verbose stack     at emitTwo (events.js:87:13)
14 verbose stack     at ChildProcess.emit (events.js:172:7)
14 verbose stack     at maybeClose (internal/child_process.js:821:16)
14 verbose stack     at Process.ChildProcess._handle.onexit (internal/child_process.js:211:5)
15 verbose pkgid uwsolar@1.0.0
16 verbose cwd /home/abandoned_greyhound/Documents/Git/lotus-leaf/src/client
17 error Linux 4.4.0-121-generic
18 error argv "/usr/bin/nodejs" "/usr/bin/npm" "run" "webpack" "--" "--progress" "--config" "webpack.production.js"
19 error node v4.2.6
20 error npm  v3.5.2
21 error code ELIFECYCLE
22 error uwsolar@1.0.0 webpack: `webpack "--progress" "--config" "webpack.production.js"`
22 error Exit status 1
23 error Failed at the uwsolar@1.0.0 webpack script 'webpack "--progress" "--config" "webpack.production.js"'.
23 error Make sure you have the latest version of node.js and npm installed.
23 error If you do, this is most likely a problem with the uwsolar package,
23 error not with npm itself.
23 error Tell the author that this fails on your system:
23 error     webpack "--progress" "--config" "webpack.production.js"
23 error You can get information on how to open an issue for this project with:
23 error     npm bugs uwsolar
23 error Or if that isn't available, you can get their info via:
23 error     npm owner ls uwsolar
23 error There is likely additional logging output above.
24 verbose exit [ 1, true ]
